{"F:\\web\\vue\\testdemo\\src\\App.vue": {"path":"F:\\web\\vue\\testdemo\\src\\App.vue","statementMap":{"0":{"start":{"line":9,"column":0},"end":{"line":9,"column":null}}},"fnMap":{},"branchMap":{},"s":{"0":0},"f":{},"b":{}}
,"F:\\web\\vue\\testdemo\\src\\main.js": {"path":"F:\\web\\vue\\testdemo\\src\\main.js","statementMap":{"0":{"start":{"line":4,"column":0},"end":{"line":4,"column":33}},"1":{"start":{"line":6,"column":0},"end":{"line":8,"column":18}},"2":{"start":{"line":7,"column":15},"end":{"line":7,"column":21}}},"fnMap":{"0":{"name":"(anonymous_0)","decl":{"start":{"line":7,"column":10},"end":{"line":7,"column":11}},"loc":{"start":{"line":7,"column":15},"end":{"line":7,"column":21}},"line":7}},"branchMap":{},"s":{"0":0,"1":0,"2":0},"f":{"0":0},"b":{},"hash":"0ed30ff268c05acd301497a828e7566e6d68ff45"}
,"F:\\web\\vue\\testdemo\\src\\components\\Kaikeba.vue": {"path":"F:\\web\\vue\\testdemo\\src\\components\\Kaikeba.vue","statementMap":{"0":{"start":{"line":10,"column":0},"end":{"line":10,"column":null}},"1":{"start":{"line":15,"column":0},"end":{"line":15,"column":null}},"2":{"start":{"line":19,"column":0},"end":{"line":19,"column":null}}},"fnMap":{"0":{"name":"(anonymous_1)","decl":{"start":{"line":9,"column":0},"end":{"line":9,"column":null}},"loc":{"start":{"line":9,"column":0},"end":{"line":13,"column":null}}},"1":{"name":"(anonymous_2)","decl":{"start":{"line":14,"column":0},"end":{"line":14,"column":null}},"loc":{"start":{"line":14,"column":0},"end":{"line":16,"column":null}}},"2":{"name":"(anonymous_3)","decl":{"start":{"line":18,"column":0},"end":{"line":18,"column":null}},"loc":{"start":{"line":18,"column":0},"end":{"line":20,"column":null}}}},"branchMap":{},"s":{"0":3,"1":2,"2":1},"f":{"0":3,"1":2,"2":1},"b":{}}
}
